<?xml version="1.0" encoding="UTF-8"?>
<!-- Generated by org.testng.reporters.JUnitReportReporter -->
<testsuite hostname="amlan" failures="0" tests="1" name="Test.SchemaValida" time="5.721" errors="0" timestamp="2023-09-20T14:34:00 IST" skipped="0">
  <testcase classname="Test.SchemaValida" name="schema" time="5.721"/>
  <system-out/>
</testsuite> <!-- Test.SchemaValida -->
