<?xml version="1.0" encoding="UTF-8"?>
<!-- Generated by org.testng.reporters.JUnitReportReporter -->
<testsuite hostname="amlan" failures="0" tests="1" name="diffrentwaystopostrequest.CreateProjectFile" time="1.715" errors="0" timestamp="2023-09-14T10:42:48 IST" skipped="0">
  <testcase classname="diffrentwaystopostrequest.CreateProjectFile" name="create" time="1.715"/>
  <system-out/>
</testsuite> <!-- diffrentwaystopostrequest.CreateProjectFile -->
