<?xml version="1.0" encoding="UTF-8"?>
<!-- Generated by org.testng.reporters.JUnitReportReporter -->
<testsuite hostname="amlan" failures="0" tests="1" name="crudWithoutbdd.GetSingleProject" time="1.283" errors="0" timestamp="2023-09-13T12:48:02 IST" skipped="0">
  <testcase classname="crudWithoutbdd.GetSingleProject" name="getsingleproject" time="1.283"/>
  <system-out/>
</testsuite> <!-- crudWithoutbdd.GetSingleProject -->
