<?xml version="1.0" encoding="UTF-8"?>
<!-- Generated by org.testng.reporters.JUnitReportReporter -->
<testsuite hostname="amlan" failures="0" tests="1" name="Deserialisation.EmpDeserilationSpouse" time="0.499" errors="0" timestamp="2023-09-22T14:55:58 IST" skipped="0">
  <testcase classname="Deserialisation.EmpDeserilationSpouse" name="deserilazation" time="0.499"/>
  <system-out/>
</testsuite> <!-- Deserialisation.EmpDeserilationSpouse -->
