<?xml version="1.0" encoding="UTF-8"?>
<!-- Generated by org.testng.reporters.JUnitReportReporter -->
<testsuite hostname="amlan" failures="0" tests="1" name="diffrentwaystopostrequest.CreateProjectwithHashMap" time="2.620" errors="0" timestamp="2023-09-14T11:01:18 IST" skipped="0">
  <testcase classname="diffrentwaystopostrequest.CreateProjectwithHashMap" name="createProject" time="2.620"/>
  <system-out/>
</testsuite> <!-- diffrentwaystopostrequest.CreateProjectwithHashMap -->
