<?xml version="1.0" encoding="UTF-8"?>
<!-- Generated by org.testng.reporters.JUnitReportReporter -->
<testsuite hostname="amlan" failures="0" tests="1" name="Parameters.PathParameter" time="1.298" errors="0" timestamp="2023-09-22T12:51:31 IST" skipped="0">
  <testcase classname="Parameters.PathParameter" name="path" time="1.298"/>
  <system-out/>
</testsuite> <!-- Parameters.PathParameter -->
