<?xml version="1.0" encoding="UTF-8"?>
<!-- Generated by org.testng.reporters.JUnitReportReporter -->
<testsuite hostname="amlan" failures="0" tests="1" name="Reqres.GetProjectWithoutbdd" time="3.059" errors="0" timestamp="2023-10-11T15:44:12 IST" skipped="0">
  <testcase classname="Reqres.GetProjectWithoutbdd" name="getproject" time="3.059"/>
  <system-out/>
</testsuite> <!-- Reqres.GetProjectWithoutbdd -->
