<?xml version="1.0" encoding="UTF-8"?>
<!-- Generated by org.testng.reporters.JUnitReportReporter -->
<testsuite hostname="amlan" failures="0" tests="1" name="crudwithbdd.GetallProjects" time="1.410" errors="0" timestamp="2023-09-22T12:53:36 IST" skipped="0">
  <testcase classname="crudwithbdd.GetallProjects" name="getallProject" time="1.410"/>
  <system-out/>
</testsuite> <!-- crudwithbdd.GetallProjects -->
