<?xml version="1.0" encoding="UTF-8"?>
<!-- Generated by org.testng.reporters.JUnitReportReporter -->
<testsuite hostname="amlan" failures="0" tests="1" name="Reqres.GetSingleProject" time="2.131" errors="0" timestamp="2023-10-11T11:08:27 IST" skipped="0">
  <testcase classname="Reqres.GetSingleProject" name="getallProject" time="2.131"/>
  <system-out/>
</testsuite> <!-- Reqres.GetSingleProject -->
