<?xml version="1.0" encoding="UTF-8"?>
<!-- Generated by org.testng.reporters.JUnitReportReporter -->
<testsuite hostname="amlan" failures="0" tests="1" name="Deserialisation.EmpDeserialization" time="0.193" errors="0" timestamp="2023-09-22T13:22:09 IST" skipped="0">
  <testcase classname="Deserialisation.EmpDeserialization" name="complexDataDeserialization" time="0.193"/>
  <system-out/>
</testsuite> <!-- Deserialisation.EmpDeserialization -->
