<?xml version="1.0" encoding="UTF-8"?>
<!-- Generated by org.testng.reporters.JUnitReportReporter -->
<testsuite hostname="amlan" failures="0" tests="1" name="Reqres_bdd.ThreeLayer_Data" time="12.687" errors="0" timestamp="2023-09-21T17:33:42 IST" skipped="0">
  <testcase classname="Reqres_bdd.ThreeLayer_Data" name="CreateProj" time="12.687"/>
  <system-out/>
</testsuite> <!-- Reqres_bdd.ThreeLayer_Data -->
