<?xml version="1.0" encoding="UTF-8"?>
<!-- Generated by org.testng.reporters.JUnitReportReporter -->
<testsuite hostname="amlan" failures="0" tests="1" name="authentication.Digest" time="1.245" errors="0" timestamp="2023-09-15T12:29:03 IST" skipped="0">
  <testcase classname="authentication.Digest" name="digest" time="1.245"/>
  <system-out/>
</testsuite> <!-- authentication.Digest -->
