<?xml version="1.0" encoding="UTF-8"?>
<!-- Generated by org.testng.reporters.JUnitReportReporter -->
<testsuite hostname="amlan" failures="0" tests="1" name="Test_1.Test1" time="0.009" errors="0" timestamp="2023-10-29T21:03:38 IST" skipped="0">
  <testcase classname="Test_1.Test1" name="Validation" time="0.009"/>
  <system-out/>
</testsuite> <!-- Test_1.Test1 -->
