<?xml version="1.0" encoding="UTF-8"?>
<!-- Generated by org.testng.reporters.JUnitReportReporter -->
<testsuite hostname="amlan" failures="0" tests="1" name="diffrentwaystopostrequest.CreateProjectwithPojo" time="1.729" errors="0" timestamp="2023-09-14T11:13:33 IST" skipped="0">
  <testcase classname="diffrentwaystopostrequest.CreateProjectwithPojo" name="create" time="1.729"/>
  <system-out/>
</testsuite> <!-- diffrentwaystopostrequest.CreateProjectwithPojo -->
