<?xml version="1.0" encoding="UTF-8"?>
<!-- Generated by org.testng.reporters.JUnitReportReporter -->
<testsuite hostname="amlan" failures="0" tests="1" name="crudWithoutbdd.DeleteProj" time="1.258" errors="0" timestamp="2023-09-13T11:32:10 IST" skipped="0">
  <testcase classname="crudWithoutbdd.DeleteProj" name="deleteProj" time="1.258"/>
  <system-out/>
</testsuite> <!-- crudWithoutbdd.DeleteProj -->
