<?xml version="1.0" encoding="UTF-8"?>
<!-- Generated by org.testng.reporters.JUnitReportReporter -->
<testsuite hostname="amlan" failures="0" tests="1" name="authentication.Digest_1" time="1.532" errors="0" timestamp="2023-09-22T10:36:34 IST" skipped="0">
  <testcase classname="authentication.Digest_1" name="digest" time="1.532"/>
  <system-out/>
</testsuite> <!-- authentication.Digest_1 -->
