<?xml version="1.0" encoding="UTF-8"?>
<!-- Generated by org.testng.reporters.JUnitReportReporter -->
<testsuite hostname="amlan" failures="0" tests="1" name="crudWithoutbdd.GetAllProjects" time="5.281" errors="0" timestamp="2023-09-13T12:44:20 IST" skipped="0">
  <testcase classname="crudWithoutbdd.GetAllProjects" name="getallProject" time="5.281"/>
  <system-out/>
</testsuite> <!-- crudWithoutbdd.GetAllProjects -->
