<?xml version="1.0" encoding="UTF-8"?>
<!-- Generated by org.testng.reporters.JUnitReportReporter -->
<testsuite hostname="amlan" failures="0" tests="1" name="crudwithbdd.UpdateProject" time="1.610" errors="0" timestamp="2023-09-13T15:40:08 IST" skipped="0">
  <testcase classname="crudwithbdd.UpdateProject" name="update" time="1.610"/>
  <system-out/>
</testsuite> <!-- crudwithbdd.UpdateProject -->
