<?xml version="1.0" encoding="UTF-8"?>
<!-- Generated by org.testng.reporters.JUnitReportReporter -->
<testsuite hostname="amlan" failures="0" tests="1" name="authentication.FlipKart" time="0.012" errors="0" timestamp="2023-10-26T15:16:49 IST" skipped="0">
  <testcase classname="authentication.FlipKart" name="Map_1" time="0.012"/>
  <system-out/>
</testsuite> <!-- authentication.FlipKart -->
