<?xml version="1.0" encoding="UTF-8"?>
<!-- Generated by org.testng.reporters.JUnitReportReporter -->
<testsuite hostname="amlan" failures="0" tests="1" name="authentication.Oauth_2" time="5.139" errors="0" timestamp="2023-09-22T10:51:38 IST" skipped="0">
  <testcase classname="authentication.Oauth_2" name="auth2" time="5.139"/>
  <system-out/>
</testsuite> <!-- authentication.Oauth_2 -->
