<?xml version="1.0" encoding="UTF-8"?>
<!-- Generated by org.testng.reporters.JUnitReportReporter -->
<testsuite hostname="amlan" failures="0" tests="1" name="Parameters.queryparameter" time="2.011" errors="0" timestamp="2023-09-22T12:50:06 IST" skipped="0">
  <testcase classname="Parameters.queryparameter" name="query" time="2.011"/>
  <system-out/>
</testsuite> <!-- Parameters.queryparameter -->
