<?xml version="1.0" encoding="UTF-8"?>
<!-- Generated by org.testng.reporters.JUnitReportReporter -->
<testsuite hostname="amlan" failures="0" tests="1" name="Serialisation.EmpwithSpouseSerial" time="0.218" errors="0" timestamp="2023-09-20T17:19:18 IST" skipped="0">
  <testcase classname="Serialisation.EmpwithSpouseSerial" name="employeeSpouse" time="0.218"/>
  <system-out/>
</testsuite> <!-- Serialisation.EmpwithSpouseSerial -->
