<?xml version="1.0" encoding="UTF-8"?>
<!-- Generated by org.testng.reporters.JUnitReportReporter -->
<testsuite hostname="amlan" failures="0" tests="1" name="Parameters.FormPara" time="2.553" errors="0" timestamp="2023-10-11T15:45:41 IST" skipped="0">
  <testcase classname="Parameters.FormPara" name="form" time="2.553"/>
  <system-out/>
</testsuite> <!-- Parameters.FormPara -->
