<?xml version="1.0" encoding="UTF-8"?>
<!-- Generated by org.testng.reporters.JUnitReportReporter -->
<testsuite hostname="amlan" failures="0" tests="1" name="Reqres_bdd.CreateProject" time="2.901" errors="0" timestamp="2023-09-13T15:51:21 IST" skipped="0">
  <testcase classname="Reqres_bdd.CreateProject" name="createProj" time="2.901"/>
  <system-out/>
</testsuite> <!-- Reqres_bdd.CreateProject -->
