<?xml version="1.0" encoding="UTF-8"?>
<!-- Generated by org.testng.reporters.JUnitReportReporter -->
<testsuite hostname="amlan" failures="0" tests="1" name="authentication.PremitiveAuth" time="1.120" errors="0" timestamp="2023-09-15T12:27:08 IST" skipped="0">
  <testcase classname="authentication.PremitiveAuth" name="premitve" time="1.120"/>
  <system-out/>
</testsuite> <!-- authentication.PremitiveAuth -->
