<?xml version="1.0" encoding="UTF-8"?>
<!-- Generated by org.testng.reporters.JUnitReportReporter -->
<testsuite hostname="amlan" failures="0" tests="1" name="Serialisation.Serialisation" time="0.207" errors="0" timestamp="2023-09-22T13:16:24 IST" skipped="0">
  <testcase classname="Serialisation.Serialisation" name="startSeriliasation" time="0.207"/>
  <system-out/>
</testsuite> <!-- Serialisation.Serialisation -->
