<?xml version="1.0" encoding="UTF-8"?>
<!-- Generated by org.testng.reporters.JUnitReportReporter -->
<testsuite hostname="amlan" failures="0" tests="1" name="Reqres_bdd.UpdateProject" time="2.567" errors="0" timestamp="2023-09-13T16:12:26 IST" skipped="0">
  <testcase classname="Reqres_bdd.UpdateProject" name="updateProject" time="2.567"/>
  <system-out/>
</testsuite> <!-- Reqres_bdd.UpdateProject -->
