<?xml version="1.0" encoding="UTF-8"?>
<!-- Generated by org.testng.reporters.JUnitReportReporter -->
<testsuite hostname="amlan" failures="0" tests="1" name="crudwithbdd.CreateProject" time="1.922" errors="0" timestamp="2023-09-13T15:16:29 IST" skipped="0">
  <testcase classname="crudwithbdd.CreateProject" name="createproj" time="1.922"/>
  <system-out/>
</testsuite> <!-- crudwithbdd.CreateProject -->
