<?xml version="1.0" encoding="UTF-8"?>
<!-- Generated by org.testng.reporters.JUnitReportReporter -->
<testsuite hostname="amlan" failures="0" tests="1" name="useFrameWork.ArrayObject" time="5.743" errors="0" timestamp="2023-09-20T15:36:10 IST" skipped="0">
  <testcase classname="useFrameWork.ArrayObject" name="arrayObject" time="5.743"/>
  <system-out/>
</testsuite> <!-- useFrameWork.ArrayObject -->
