<?xml version="1.0" encoding="UTF-8"?>
<!-- Generated by org.testng.reporters.JUnitReportReporter -->
<testsuite hostname="amlan" failures="0" tests="1" name="ResponseValidation.RequestReqres" time="3.004" errors="0" timestamp="2023-09-14T17:37:00 IST" skipped="0">
  <testcase classname="ResponseValidation.RequestReqres" name="dynamicdata" time="3.004"/>
  <system-out/>
</testsuite> <!-- ResponseValidation.RequestReqres -->
