<?xml version="1.0" encoding="UTF-8"?>
<!-- Generated by org.testng.reporters.JUnitReportReporter -->
<testsuite hostname="amlan" failures="0" tests="1" name="authentication.BasicAuth" time="1.164" errors="0" timestamp="2023-09-15T12:19:52 IST" skipped="0">
  <testcase classname="authentication.BasicAuth" name="basic" time="1.164"/>
  <system-out/>
</testsuite> <!-- authentication.BasicAuth -->
