<?xml version="1.0" encoding="UTF-8"?>
<!-- Generated by org.testng.reporters.JUnitReportReporter -->
<testsuite hostname="amlan" failures="0" tests="1" name="crudwithbdd.CreateProject_1" time="1.858" errors="0" timestamp="2023-09-22T12:47:11 IST" skipped="0">
  <testcase classname="crudwithbdd.CreateProject_1" name="createprojct1" time="1.858"/>
  <system-out/>
</testsuite> <!-- crudwithbdd.CreateProject_1 -->
