<?xml version="1.0" encoding="UTF-8"?>
<!-- Generated by org.testng.reporters.JUnitReportReporter -->
<testsuite hostname="amlan" failures="0" tests="1" name="Reqres_bdd.DeleteProject" time="2.783" errors="0" timestamp="2023-09-13T16:20:22 IST" skipped="0">
  <testcase classname="Reqres_bdd.DeleteProject" name="delete" time="2.783"/>
  <system-out/>
</testsuite> <!-- Reqres_bdd.DeleteProject -->
