<?xml version="1.0" encoding="UTF-8"?>
<!-- Generated by org.testng.reporters.JUnitReportReporter -->
<testsuite hostname="amlan" failures="0" tests="1" name="Reqres.DeleteProj" time="2.442" errors="0" timestamp="2023-09-13T13:12:09 IST" skipped="0">
  <testcase classname="Reqres.DeleteProj" name="DeleteProj" time="2.442"/>
  <system-out/>
</testsuite> <!-- Reqres.DeleteProj -->
