<?xml version="1.0" encoding="UTF-8"?>
<!-- Generated by org.testng.reporters.JUnitReportReporter -->
<testsuite hostname="amlan" failures="0" tests="1" name="ResponseValidation.RequestChaining" time="2.144" errors="0" timestamp="2023-09-21T16:14:53 IST" skipped="0">
  <testcase classname="ResponseValidation.RequestChaining" name="request" time="2.144"/>
  <system-out/>
</testsuite> <!-- ResponseValidation.RequestChaining -->
