<?xml version="1.0" encoding="UTF-8"?>
<!-- Generated by org.testng.reporters.JUnitReportReporter -->
<testsuite hostname="amlan" failures="0" tests="1" name="diffrentwaystopostrequest.CreateProjFileReqres" time="2.485" errors="0" timestamp="2023-09-22T12:49:03 IST" skipped="0">
  <testcase classname="diffrentwaystopostrequest.CreateProjFileReqres" name="createproj" time="2.485"/>
  <system-out/>
</testsuite> <!-- diffrentwaystopostrequest.CreateProjFileReqres -->
