<?xml version="1.0" encoding="UTF-8"?>
<!-- Generated by org.testng.reporters.JUnitReportReporter -->
<testsuite hostname="amlan" failures="0" tests="1" name="Deserialisation.EmpDeserializationArray" time="0.271" errors="0" timestamp="2023-09-20T15:19:45 IST" skipped="0">
  <testcase classname="Deserialisation.EmpDeserializationArray" name="employee" time="0.271"/>
  <system-out/>
</testsuite> <!-- Deserialisation.EmpDeserializationArray -->
