<?xml version="1.0" encoding="UTF-8"?>
<!-- Generated by org.testng.reporters.JUnitReportReporter -->
<testsuite hostname="amlan" failures="0" tests="1" name="useFrameWork.CreateProj" time="1.339" errors="0" timestamp="2023-09-21T12:48:11 IST" skipped="0">
  <testcase classname="useFrameWork.CreateProj" name="createProj" time="1.339"/>
  <system-out/>
</testsuite> <!-- useFrameWork.CreateProj -->
