<?xml version="1.0" encoding="UTF-8"?>
<!-- Generated by org.testng.reporters.JUnitReportReporter -->
<testsuite hostname="amlan" failures="0" tests="1" name="Validation.HeaderValidation" time="0.791" errors="0" timestamp="2023-09-20T17:54:23 IST" skipped="0">
  <testcase classname="Validation.HeaderValidation" name="validation" time="0.791"/>
  <system-out/>
</testsuite> <!-- Validation.HeaderValidation -->
