<?xml version="1.0" encoding="UTF-8"?>
<!-- Generated by org.testng.reporters.JUnitReportReporter -->
<testsuite hostname="amlan" failures="0" tests="1" name="ResponseValidation.DyanamicResponse" time="4.108" errors="0" timestamp="2023-09-14T13:03:06 IST" skipped="0">
  <testcase classname="ResponseValidation.DyanamicResponse" name="dynamicresponse" time="4.108"/>
  <system-out/>
</testsuite> <!-- ResponseValidation.DyanamicResponse -->
