<?xml version="1.0" encoding="UTF-8"?>
<!-- Generated by org.testng.reporters.JUnitReportReporter -->
<testsuite hostname="amlan" failures="0" tests="1" name="authentication.oauth2" time="3.518" errors="0" timestamp="2023-09-15T15:57:32 IST" skipped="0">
  <testcase classname="authentication.oauth2" name="oauth" time="3.518"/>
  <system-out/>
</testsuite> <!-- authentication.oauth2 -->
