<?xml version="1.0" encoding="UTF-8"?>
<!-- Generated by org.testng.reporters.JUnitReportReporter -->
<testsuite hostname="amlan" failures="0" tests="1" name="Reqres.UpdateProject" time="2.492" errors="0" timestamp="2023-09-13T13:08:14 IST" skipped="0">
  <testcase classname="Reqres.UpdateProject" name="updateproject" time="2.492"/>
  <system-out/>
</testsuite> <!-- Reqres.UpdateProject -->
