<?xml version="1.0" encoding="UTF-8"?>
<!-- Generated by org.testng.reporters.JUnitReportReporter -->
<testsuite hostname="amlan" failures="0" tests="1" name="authentication.BearerToken_1" time="3.247" errors="0" timestamp="2023-09-22T10:28:38 IST" skipped="0">
  <testcase classname="authentication.BearerToken_1" name="bearertoken" time="3.247"/>
  <system-out/>
</testsuite> <!-- authentication.BearerToken_1 -->
