<?xml version="1.0" encoding="UTF-8"?>
<!-- Generated by org.testng.reporters.JUnitReportReporter -->
<testsuite hostname="amlan" failures="0" tests="1" name="RequestSpecification.createProj" time="1.776" errors="0" timestamp="2023-09-20T10:59:27 IST" skipped="0">
  <testcase classname="RequestSpecification.createProj" name="createProj" time="1.776"/>
  <system-out/>
</testsuite> <!-- RequestSpecification.createProj -->
