<?xml version="1.0" encoding="UTF-8"?>
<!-- Generated by org.testng.reporters.JUnitReportReporter -->
<testsuite hostname="amlan" failures="0" tests="1" name="crudwithbdd.DeleteProj" time="1.612" errors="0" timestamp="2023-09-13T15:44:25 IST" skipped="0">
  <testcase classname="crudwithbdd.DeleteProj" name="Delete" time="1.612"/>
  <system-out/>
</testsuite> <!-- crudwithbdd.DeleteProj -->
