<?xml version="1.0" encoding="UTF-8"?>
<!-- Generated by org.testng.reporters.JUnitReportReporter -->
<testsuite hostname="amlan" failures="0" tests="1" name="Reqres.CreateProject" time="2.686" errors="0" timestamp="2023-09-13T13:06:15 IST" skipped="0">
  <testcase classname="Reqres.CreateProject" name="createProj" time="2.686"/>
  <system-out/>
</testsuite> <!-- Reqres.CreateProject -->
