<?xml version="1.0" encoding="UTF-8"?>
<!-- Generated by org.testng.reporters.JUnitReportReporter -->
<testsuite hostname="amlan" failures="0" tests="3" name="dataDrivenTesting.Ddt" time="3.499" errors="0" timestamp="2023-09-15T11:13:35 IST" skipped="0">
  <testcase classname="dataDrivenTesting.Ddt" name="createProject" time="2.347"/>
  <system-out/>
  <testcase classname="dataDrivenTesting.Ddt" name="createProject" time="0.095"/>
  <system-out/>
  <testcase classname="dataDrivenTesting.Ddt" name="createProject" time="1.057"/>
  <system-out/>
</testsuite> <!-- dataDrivenTesting.Ddt -->
