<?xml version="1.0" encoding="UTF-8"?>
<!-- Generated by org.testng.reporters.JUnitReportReporter -->
<testsuite hostname="amlan" failures="0" tests="1" name="GetJson.GetJsonResponse" time="2.824" errors="0" timestamp="2023-10-11T11:54:48 IST" skipped="0">
  <testcase classname="GetJson.GetJsonResponse" name="GetJson" time="2.824"/>
  <system-out/>
</testsuite> <!-- GetJson.GetJsonResponse -->
