<?xml version="1.0" encoding="UTF-8"?>
<!-- Generated by org.testng.reporters.JUnitReportReporter -->
<testsuite hostname="amlan" failures="0" tests="1" name="authentication.BasicAuth_1" time="1.779" errors="0" timestamp="2023-09-22T10:16:04 IST" skipped="0">
  <testcase classname="authentication.BasicAuth_1" name="basicAuth" time="1.779"/>
  <system-out/>
</testsuite> <!-- authentication.BasicAuth_1 -->
